[2.765s] Invoking command in '/home/nam/robot_ws/src/motor_controller': PYTHONPATH=/home/nam/robot_ws/build/motor_controller/prefix_override:/usr/lib/python3/dist-packages/colcon_core/task/python/colcon_distutils_commands:/home/nam/robot_ws/install/motor_controller/lib/python3.10/site-packages:${PYTHONPATH} /usr/bin/python3 -W ignore:setup.py install is deprecated -W ignore:easy_install command is deprecated setup.py egg_info --egg-base ../../build/motor_controller build --build-base /home/nam/robot_ws/build/motor_controller/build install --record /home/nam/robot_ws/build/motor_controller/install.log --single-version-externally-managed install_data
[3.793s] running egg_info
[3.795s] creating ../../build/motor_controller/motor_controller.egg-info
[3.796s] writing ../../build/motor_controller/motor_controller.egg-info/PKG-INFO
[3.797s] writing dependency_links to ../../build/motor_controller/motor_controller.egg-info/dependency_links.txt
[3.797s] writing entry points to ../../build/motor_controller/motor_controller.egg-info/entry_points.txt
[3.798s] writing requirements to ../../build/motor_controller/motor_controller.egg-info/requires.txt
[3.798s] writing top-level names to ../../build/motor_controller/motor_controller.egg-info/top_level.txt
[3.799s] writing manifest file '../../build/motor_controller/motor_controller.egg-info/SOURCES.txt'
[3.806s] reading manifest file '../../build/motor_controller/motor_controller.egg-info/SOURCES.txt'
[3.809s] writing manifest file '../../build/motor_controller/motor_controller.egg-info/SOURCES.txt'
[3.810s] running build
[3.810s] running build_py
[3.811s] creating /home/nam/robot_ws/build/motor_controller/build
[3.811s] creating /home/nam/robot_ws/build/motor_controller/build/lib
[3.812s] creating /home/nam/robot_ws/build/motor_controller/build/lib/motor_controller
[3.812s] copying motor_controller/motor_controller.py -> /home/nam/robot_ws/build/motor_controller/build/lib/motor_controller
[3.812s] copying motor_controller/__init__.py -> /home/nam/robot_ws/build/motor_controller/build/lib/motor_controller
[3.813s] running install
[3.815s] running install_lib
[3.818s] creating /home/nam/robot_ws/install/motor_controller/lib/python3.10/site-packages/motor_controller
[3.818s] copying /home/nam/robot_ws/build/motor_controller/build/lib/motor_controller/motor_controller.py -> /home/nam/robot_ws/install/motor_controller/lib/python3.10/site-packages/motor_controller
[3.819s] copying /home/nam/robot_ws/build/motor_controller/build/lib/motor_controller/__init__.py -> /home/nam/robot_ws/install/motor_controller/lib/python3.10/site-packages/motor_controller
[3.822s] byte-compiling /home/nam/robot_ws/install/motor_controller/lib/python3.10/site-packages/motor_controller/motor_controller.py to motor_controller.cpython-310.pyc
[3.824s] byte-compiling /home/nam/robot_ws/install/motor_controller/lib/python3.10/site-packages/motor_controller/__init__.py to __init__.cpython-310.pyc
[3.825s] running install_data
[3.826s] creating /home/nam/robot_ws/install/motor_controller/share/ament_index
[3.826s] creating /home/nam/robot_ws/install/motor_controller/share/ament_index/resource_index
[3.826s] creating /home/nam/robot_ws/install/motor_controller/share/ament_index/resource_index/packages
[3.827s] copying resource/motor_controller -> /home/nam/robot_ws/install/motor_controller/share/ament_index/resource_index/packages
[3.827s] copying package.xml -> /home/nam/robot_ws/install/motor_controller/share/motor_controller
[3.828s] running install_egg_info
[3.834s] Copying ../../build/motor_controller/motor_controller.egg-info to /home/nam/robot_ws/install/motor_controller/lib/python3.10/site-packages/motor_controller-0.0.0-py3.10.egg-info
[3.839s] running install_scripts
[3.918s] Installing motor_node script to /home/nam/robot_ws/install/motor_controller/lib/motor_controller
[3.920s] writing list of installed files to '/home/nam/robot_ws/build/motor_controller/install.log'
[4.037s] Invoked command in '/home/nam/robot_ws/src/motor_controller' returned '0': PYTHONPATH=/home/nam/robot_ws/build/motor_controller/prefix_override:/usr/lib/python3/dist-packages/colcon_core/task/python/colcon_distutils_commands:/home/nam/robot_ws/install/motor_controller/lib/python3.10/site-packages:${PYTHONPATH} /usr/bin/python3 -W ignore:setup.py install is deprecated -W ignore:easy_install command is deprecated setup.py egg_info --egg-base ../../build/motor_controller build --build-base /home/nam/robot_ws/build/motor_controller/build install --record /home/nam/robot_ws/build/motor_controller/install.log --single-version-externally-managed install_data
