[0.683s] DEBUG:colcon:Command line arguments: ['/usr/bin/colcon', 'build']
[0.684s] DEBUG:colcon:Parsed command line arguments: Namespace(log_base=None, log_level=None, verb_name='build', build_base='build', install_base='install', merge_install=False, symlink_install=False, test_result_base=None, continue_on_error=False, executor='parallel', parallel_workers=4, event_handlers=None, ignore_user_meta=False, metas=['./colcon.meta'], base_paths=['.'], packages_ignore=None, packages_ignore_regex=None, paths=None, packages_up_to=None, packages_up_to_regex=None, packages_above=None, packages_above_and_dependencies=None, packages_above_depth=None, packages_select_by_dep=None, packages_skip_by_dep=None, packages_skip_up_to=None, packages_select_build_failed=False, packages_skip_build_finished=False, packages_select_test_failures=False, packages_skip_test_passed=False, packages_select=None, packages_skip=None, packages_select_regex=None, packages_skip_regex=None, packages_start=None, packages_end=None, allow_overriding=[], cmake_args=None, cmake_target=None, cmake_target_skip_unavailable=False, cmake_clean_cache=False, cmake_clean_first=False, cmake_force_configure=False, ament_cmake_args=None, catkin_cmake_args=None, catkin_skip_building_tests=False, verb_parser=<colcon_defaults.argument_parser.defaults.DefaultArgumentsDecorator object at 0xffffb9806ec0>, verb_extension=<colcon_core.verb.build.BuildVerb object at 0xffffb99f4370>, main=<bound method BuildVerb.main of <colcon_core.verb.build.BuildVerb object at 0xffffb99f4370>>)
[1.768s] Level 1:colcon.colcon_core.package_discovery:discover_packages(colcon_meta) check parameters
[1.769s] Level 1:colcon.colcon_core.package_discovery:discover_packages(recursive) check parameters
[1.769s] Level 1:colcon.colcon_core.package_discovery:discover_packages(ignore) check parameters
[1.769s] Level 1:colcon.colcon_core.package_discovery:discover_packages(path) check parameters
[1.769s] Level 1:colcon.colcon_core.package_discovery:discover_packages(colcon_meta) discover
[1.770s] Level 1:colcon.colcon_core.package_discovery:discover_packages(recursive) discover
[1.770s] INFO:colcon.colcon_core.package_discovery:Crawling recursively for packages in '/home/nam/robot_ws'
[1.770s] Level 1:colcon.colcon_core.package_identification:_identify(.) by extensions ['ignore', 'ignore_ament_install']
[1.771s] Level 1:colcon.colcon_core.package_identification:_identify(.) by extension 'ignore'
[1.771s] Level 1:colcon.colcon_core.package_identification:_identify(.) by extension 'ignore_ament_install'
[1.771s] Level 1:colcon.colcon_core.package_identification:_identify(.) by extensions ['colcon_pkg']
[1.771s] Level 1:colcon.colcon_core.package_identification:_identify(.) by extension 'colcon_pkg'
[1.772s] Level 1:colcon.colcon_core.package_identification:_identify(.) by extensions ['colcon_meta']
[1.772s] Level 1:colcon.colcon_core.package_identification:_identify(.) by extension 'colcon_meta'
[1.772s] Level 1:colcon.colcon_core.package_identification:_identify(.) by extensions ['ros']
[1.772s] Level 1:colcon.colcon_core.package_identification:_identify(.) by extension 'ros'
[1.820s] Level 1:colcon.colcon_core.package_identification:_identify(.) by extensions ['cmake', 'python']
[1.820s] Level 1:colcon.colcon_core.package_identification:_identify(.) by extension 'cmake'
[1.820s] Level 1:colcon.colcon_core.package_identification:_identify(.) by extension 'python'
[1.821s] Level 1:colcon.colcon_core.package_identification:_identify(.) by extensions ['python_setup_py']
[1.821s] Level 1:colcon.colcon_core.package_identification:_identify(.) by extension 'python_setup_py'
[1.821s] Level 1:colcon.colcon_core.package_identification:_identify(build) by extensions ['ignore', 'ignore_ament_install']
[1.822s] Level 1:colcon.colcon_core.package_identification:_identify(build) by extension 'ignore'
[1.822s] Level 1:colcon.colcon_core.package_identification:_identify(build) ignored
[1.822s] Level 1:colcon.colcon_core.package_identification:_identify(install) by extensions ['ignore', 'ignore_ament_install']
[1.823s] Level 1:colcon.colcon_core.package_identification:_identify(install) by extension 'ignore'
[1.823s] Level 1:colcon.colcon_core.package_identification:_identify(install) ignored
[1.823s] Level 1:colcon.colcon_core.package_identification:_identify(log) by extensions ['ignore', 'ignore_ament_install']
[1.824s] Level 1:colcon.colcon_core.package_identification:_identify(log) by extension 'ignore'
[1.824s] Level 1:colcon.colcon_core.package_identification:_identify(log) ignored
[1.824s] Level 1:colcon.colcon_core.package_identification:_identify(src) by extensions ['ignore', 'ignore_ament_install']
[1.824s] Level 1:colcon.colcon_core.package_identification:_identify(src) by extension 'ignore'
[1.825s] Level 1:colcon.colcon_core.package_identification:_identify(src) by extension 'ignore_ament_install'
[1.825s] Level 1:colcon.colcon_core.package_identification:_identify(src) by extensions ['colcon_pkg']
[1.825s] Level 1:colcon.colcon_core.package_identification:_identify(src) by extension 'colcon_pkg'
[1.825s] Level 1:colcon.colcon_core.package_identification:_identify(src) by extensions ['colcon_meta']
[1.825s] Level 1:colcon.colcon_core.package_identification:_identify(src) by extension 'colcon_meta'
[1.825s] Level 1:colcon.colcon_core.package_identification:_identify(src) by extensions ['ros']
[1.826s] Level 1:colcon.colcon_core.package_identification:_identify(src) by extension 'ros'
[1.826s] Level 1:colcon.colcon_core.package_identification:_identify(src) by extensions ['cmake', 'python']
[1.826s] Level 1:colcon.colcon_core.package_identification:_identify(src) by extension 'cmake'
[1.826s] Level 1:colcon.colcon_core.package_identification:_identify(src) by extension 'python'
[1.826s] Level 1:colcon.colcon_core.package_identification:_identify(src) by extensions ['python_setup_py']
[1.826s] Level 1:colcon.colcon_core.package_identification:_identify(src) by extension 'python_setup_py'
[1.827s] Level 1:colcon.colcon_core.package_identification:_identify(src/motor_controller) by extensions ['ignore', 'ignore_ament_install']
[1.827s] Level 1:colcon.colcon_core.package_identification:_identify(src/motor_controller) by extension 'ignore'
[1.827s] Level 1:colcon.colcon_core.package_identification:_identify(src/motor_controller) by extension 'ignore_ament_install'
[1.828s] Level 1:colcon.colcon_core.package_identification:_identify(src/motor_controller) by extensions ['colcon_pkg']
[1.828s] Level 1:colcon.colcon_core.package_identification:_identify(src/motor_controller) by extension 'colcon_pkg'
[1.828s] Level 1:colcon.colcon_core.package_identification:_identify(src/motor_controller) by extensions ['colcon_meta']
[1.828s] Level 1:colcon.colcon_core.package_identification:_identify(src/motor_controller) by extension 'colcon_meta'
[1.828s] Level 1:colcon.colcon_core.package_identification:_identify(src/motor_controller) by extensions ['ros']
[1.828s] Level 1:colcon.colcon_core.package_identification:_identify(src/motor_controller) by extension 'ros'
[1.840s] DEBUG:colcon.colcon_core.package_identification:Package 'src/motor_controller' with type 'ros.ament_python' and name 'motor_controller'
[1.840s] Level 1:colcon.colcon_core.package_discovery:discover_packages(recursive) using defaults
[1.840s] Level 1:colcon.colcon_core.package_discovery:discover_packages(ignore) discover
[1.841s] Level 1:colcon.colcon_core.package_discovery:discover_packages(ignore) using defaults
[1.841s] Level 1:colcon.colcon_core.package_discovery:discover_packages(path) discover
[1.841s] Level 1:colcon.colcon_core.package_discovery:discover_packages(path) using defaults
[1.972s] Level 1:colcon.colcon_core.package_discovery:discover_packages(prefix_path) check parameters
[1.973s] Level 1:colcon.colcon_core.package_discovery:discover_packages(prefix_path) discover
[1.992s] DEBUG:colcon.colcon_installed_package_information.package_discovery:Found 271 installed packages in /opt/ros/humble
[2.003s] Level 1:colcon.colcon_core.package_discovery:discover_packages(prefix_path) using defaults
[2.206s] Level 5:colcon.colcon_core.verb:set package 'motor_controller' build argument 'cmake_args' from command line to 'None'
[2.206s] Level 5:colcon.colcon_core.verb:set package 'motor_controller' build argument 'cmake_target' from command line to 'None'
[2.206s] Level 5:colcon.colcon_core.verb:set package 'motor_controller' build argument 'cmake_target_skip_unavailable' from command line to 'False'
[2.206s] Level 5:colcon.colcon_core.verb:set package 'motor_controller' build argument 'cmake_clean_cache' from command line to 'False'
[2.207s] Level 5:colcon.colcon_core.verb:set package 'motor_controller' build argument 'cmake_clean_first' from command line to 'False'
[2.207s] Level 5:colcon.colcon_core.verb:set package 'motor_controller' build argument 'cmake_force_configure' from command line to 'False'
[2.207s] Level 5:colcon.colcon_core.verb:set package 'motor_controller' build argument 'ament_cmake_args' from command line to 'None'
[2.207s] Level 5:colcon.colcon_core.verb:set package 'motor_controller' build argument 'catkin_cmake_args' from command line to 'None'
[2.207s] Level 5:colcon.colcon_core.verb:set package 'motor_controller' build argument 'catkin_skip_building_tests' from command line to 'False'
[2.207s] DEBUG:colcon.colcon_core.verb:Building package 'motor_controller' with the following arguments: {'ament_cmake_args': None, 'build_base': '/home/nam/robot_ws/build/motor_controller', 'catkin_cmake_args': None, 'catkin_skip_building_tests': False, 'cmake_args': None, 'cmake_clean_cache': False, 'cmake_clean_first': False, 'cmake_force_configure': False, 'cmake_target': None, 'cmake_target_skip_unavailable': False, 'install_base': '/home/nam/robot_ws/install/motor_controller', 'merge_install': False, 'path': '/home/nam/robot_ws/src/motor_controller', 'symlink_install': False, 'test_result_base': None}
[2.208s] INFO:colcon.colcon_core.executor:Executing jobs using 'parallel' executor
[2.211s] DEBUG:colcon.colcon_parallel_executor.executor.parallel:run_until_complete
[2.212s] INFO:colcon.colcon_ros.task.ament_python.build:Building ROS package in '/home/nam/robot_ws/src/motor_controller' with build type 'ament_python'
[2.213s] Level 1:colcon.colcon_core.shell:create_environment_hook('motor_controller', 'ament_prefix_path')
[2.229s] INFO:colcon.colcon_core.plugin_system:Skipping extension 'colcon_core.shell.bat': Not used on non-Windows systems
[2.230s] INFO:colcon.colcon_core.shell:Creating environment hook '/home/nam/robot_ws/install/motor_controller/share/motor_controller/hook/ament_prefix_path.ps1'
[2.235s] INFO:colcon.colcon_core.shell:Creating environment descriptor '/home/nam/robot_ws/install/motor_controller/share/motor_controller/hook/ament_prefix_path.dsv'
[2.238s] INFO:colcon.colcon_core.shell:Creating environment hook '/home/nam/robot_ws/install/motor_controller/share/motor_controller/hook/ament_prefix_path.sh'
[2.242s] INFO:colcon.colcon_core.shell:Skip shell extension 'powershell' for command environment: Not usable outside of PowerShell
[2.242s] DEBUG:colcon.colcon_core.shell:Skip shell extension 'dsv' for command environment
[3.364s] INFO:colcon.colcon_core.task.python.build:Building Python package in '/home/nam/robot_ws/src/motor_controller'
[3.365s] INFO:colcon.colcon_core.shell:Skip shell extension 'powershell' for command environment: Not usable outside of PowerShell
[3.365s] DEBUG:colcon.colcon_core.shell:Skip shell extension 'dsv' for command environment
[4.978s] DEBUG:colcon.colcon_core.event_handler.log_command:Invoking command in '/home/nam/robot_ws/src/motor_controller': PYTHONPATH=/home/nam/robot_ws/build/motor_controller/prefix_override:/usr/lib/python3/dist-packages/colcon_core/task/python/colcon_distutils_commands:/home/nam/robot_ws/install/motor_controller/lib/python3.10/site-packages:${PYTHONPATH} /usr/bin/python3 -W ignore:setup.py install is deprecated -W ignore:easy_install command is deprecated setup.py egg_info --egg-base ../../build/motor_controller build --build-base /home/nam/robot_ws/build/motor_controller/build install --record /home/nam/robot_ws/build/motor_controller/install.log --single-version-externally-managed install_data
[6.250s] DEBUG:colcon.colcon_core.event_handler.log_command:Invoked command in '/home/nam/robot_ws/src/motor_controller' returned '0': PYTHONPATH=/home/nam/robot_ws/build/motor_controller/prefix_override:/usr/lib/python3/dist-packages/colcon_core/task/python/colcon_distutils_commands:/home/nam/robot_ws/install/motor_controller/lib/python3.10/site-packages:${PYTHONPATH} /usr/bin/python3 -W ignore:setup.py install is deprecated -W ignore:easy_install command is deprecated setup.py egg_info --egg-base ../../build/motor_controller build --build-base /home/nam/robot_ws/build/motor_controller/build install --record /home/nam/robot_ws/build/motor_controller/install.log --single-version-externally-managed install_data
[6.270s] Level 1:colcon.colcon_core.environment:checking '/home/nam/robot_ws/install/motor_controller' for CMake module files
[6.273s] Level 1:colcon.colcon_core.environment:checking '/home/nam/robot_ws/install/motor_controller' for CMake config files
[6.276s] Level 1:colcon.colcon_core.environment:checking '/home/nam/robot_ws/install/motor_controller/lib'
[6.277s] Level 1:colcon.colcon_core.environment:checking '/home/nam/robot_ws/install/motor_controller/bin'
[6.278s] Level 1:colcon.colcon_core.environment:checking '/home/nam/robot_ws/install/motor_controller/lib/pkgconfig/motor_controller.pc'
[6.279s] Level 1:colcon.colcon_core.environment:checking '/home/nam/robot_ws/install/motor_controller/lib/python3.10/site-packages'
[6.279s] Level 1:colcon.colcon_core.shell:create_environment_hook('motor_controller', 'pythonpath')
[6.280s] INFO:colcon.colcon_core.shell:Creating environment hook '/home/nam/robot_ws/install/motor_controller/share/motor_controller/hook/pythonpath.ps1'
[6.282s] INFO:colcon.colcon_core.shell:Creating environment descriptor '/home/nam/robot_ws/install/motor_controller/share/motor_controller/hook/pythonpath.dsv'
[6.283s] INFO:colcon.colcon_core.shell:Creating environment hook '/home/nam/robot_ws/install/motor_controller/share/motor_controller/hook/pythonpath.sh'
[6.286s] Level 1:colcon.colcon_core.environment:checking '/home/nam/robot_ws/install/motor_controller/bin'
[6.286s] Level 1:colcon.colcon_core.environment:create_environment_scripts_only(motor_controller)
[6.288s] INFO:colcon.colcon_core.shell:Creating package script '/home/nam/robot_ws/install/motor_controller/share/motor_controller/package.ps1'
[6.292s] INFO:colcon.colcon_core.shell:Creating package descriptor '/home/nam/robot_ws/install/motor_controller/share/motor_controller/package.dsv'
[6.295s] INFO:colcon.colcon_core.shell:Creating package script '/home/nam/robot_ws/install/motor_controller/share/motor_controller/package.sh'
[6.298s] INFO:colcon.colcon_core.shell:Creating package script '/home/nam/robot_ws/install/motor_controller/share/motor_controller/package.bash'
[6.302s] INFO:colcon.colcon_core.shell:Creating package script '/home/nam/robot_ws/install/motor_controller/share/motor_controller/package.zsh'
[6.306s] Level 1:colcon.colcon_core.environment:create_file_with_runtime_dependencies(/home/nam/robot_ws/install/motor_controller/share/colcon-core/packages/motor_controller)
[6.308s] DEBUG:colcon.colcon_parallel_executor.executor.parallel:closing loop
[6.309s] DEBUG:colcon.colcon_parallel_executor.executor.parallel:loop closed
[6.310s] DEBUG:colcon.colcon_parallel_executor.executor.parallel:run_until_complete finished with '0'
[6.310s] DEBUG:colcon.colcon_core.event_reactor:joining thread
[6.334s] INFO:colcon.colcon_core.plugin_system:Skipping extension 'colcon_notification.desktop_notification.terminal_notifier': Not used on non-Darwin systems
[6.335s] INFO:colcon.colcon_core.plugin_system:Skipping extension 'colcon_notification.desktop_notification.win32': Not used on non-Windows systems
[6.335s] INFO:colcon.colcon_notification.desktop_notification:Sending desktop notification using 'notify2'
[6.340s] DEBUG:colcon.colcon_notification.desktop_notification.notify2:Failed to initialize notify2: org.freedesktop.DBus.Error.ServiceUnknown: The name org.freedesktop.Notifications was not provided by any .service files
[6.340s] DEBUG:colcon.colcon_core.event_reactor:joined thread
[6.342s] INFO:colcon.colcon_core.shell:Creating prefix script '/home/nam/robot_ws/install/local_setup.ps1'
[6.347s] INFO:colcon.colcon_core.shell:Creating prefix util module '/home/nam/robot_ws/install/_local_setup_util_ps1.py'
[6.356s] INFO:colcon.colcon_core.shell:Creating prefix chain script '/home/nam/robot_ws/install/setup.ps1'
[6.361s] INFO:colcon.colcon_core.shell:Creating prefix script '/home/nam/robot_ws/install/local_setup.sh'
[6.364s] INFO:colcon.colcon_core.shell:Creating prefix util module '/home/nam/robot_ws/install/_local_setup_util_sh.py'
[6.367s] INFO:colcon.colcon_core.shell:Creating prefix chain script '/home/nam/robot_ws/install/setup.sh'
[6.372s] INFO:colcon.colcon_core.shell:Creating prefix script '/home/nam/robot_ws/install/local_setup.bash'
[6.375s] INFO:colcon.colcon_core.shell:Creating prefix chain script '/home/nam/robot_ws/install/setup.bash'
[6.379s] INFO:colcon.colcon_core.shell:Creating prefix script '/home/nam/robot_ws/install/local_setup.zsh'
[6.382s] INFO:colcon.colcon_core.shell:Creating prefix chain script '/home/nam/robot_ws/install/setup.zsh'
