[0.680s] DEBUG:colcon:Command line arguments: ['/usr/bin/colcon', 'build']
[0.680s] DEBUG:colcon:Parsed command line arguments: Namespace(log_base=None, log_level=None, verb_name='build', build_base='build', install_base='install', merge_install=False, symlink_install=False, test_result_base=None, continue_on_error=False, executor='parallel', parallel_workers=4, event_handlers=None, ignore_user_meta=False, metas=['./colcon.meta'], base_paths=['.'], packages_ignore=None, packages_ignore_regex=None, paths=None, packages_up_to=None, packages_up_to_regex=None, packages_above=None, packages_above_and_dependencies=None, packages_above_depth=None, packages_select_by_dep=None, packages_skip_by_dep=None, packages_skip_up_to=None, packages_select_build_failed=False, packages_skip_build_finished=False, packages_select_test_failures=False, packages_skip_test_passed=False, packages_select=None, packages_skip=None, packages_select_regex=None, packages_skip_regex=None, packages_start=None, packages_end=None, allow_overriding=[], cmake_args=None, cmake_target=None, cmake_target_skip_unavailable=False, cmake_clean_cache=False, cmake_clean_first=False, cmake_force_configure=False, ament_cmake_args=None, catkin_cmake_args=None, catkin_skip_building_tests=False, verb_parser=<colcon_defaults.argument_parser.defaults.DefaultArgumentsDecorator object at 0xffffb05f6e90>, verb_extension=<colcon_core.verb.build.BuildVerb object at 0xffffb07e4340>, main=<bound method BuildVerb.main of <colcon_core.verb.build.BuildVerb object at 0xffffb07e4340>>)
[1.756s] Level 1:colcon.colcon_core.package_discovery:discover_packages(colcon_meta) check parameters
[1.756s] Level 1:colcon.colcon_core.package_discovery:discover_packages(recursive) check parameters
[1.756s] Level 1:colcon.colcon_core.package_discovery:discover_packages(ignore) check parameters
[1.756s] Level 1:colcon.colcon_core.package_discovery:discover_packages(path) check parameters
[1.757s] Level 1:colcon.colcon_core.package_discovery:discover_packages(colcon_meta) discover
[1.757s] Level 1:colcon.colcon_core.package_discovery:discover_packages(recursive) discover
[1.757s] INFO:colcon.colcon_core.package_discovery:Crawling recursively for packages in '/home/nam/robot_ws'
[1.757s] Level 1:colcon.colcon_core.package_identification:_identify(.) by extensions ['ignore', 'ignore_ament_install']
[1.758s] Level 1:colcon.colcon_core.package_identification:_identify(.) by extension 'ignore'
[1.758s] Level 1:colcon.colcon_core.package_identification:_identify(.) by extension 'ignore_ament_install'
[1.758s] Level 1:colcon.colcon_core.package_identification:_identify(.) by extensions ['colcon_pkg']
[1.758s] Level 1:colcon.colcon_core.package_identification:_identify(.) by extension 'colcon_pkg'
[1.759s] Level 1:colcon.colcon_core.package_identification:_identify(.) by extensions ['colcon_meta']
[1.759s] Level 1:colcon.colcon_core.package_identification:_identify(.) by extension 'colcon_meta'
[1.759s] Level 1:colcon.colcon_core.package_identification:_identify(.) by extensions ['ros']
[1.759s] Level 1:colcon.colcon_core.package_identification:_identify(.) by extension 'ros'
[1.835s] Level 1:colcon.colcon_core.package_identification:_identify(.) by extensions ['cmake', 'python']
[1.835s] Level 1:colcon.colcon_core.package_identification:_identify(.) by extension 'cmake'
[1.835s] Level 1:colcon.colcon_core.package_identification:_identify(.) by extension 'python'
[1.835s] Level 1:colcon.colcon_core.package_identification:_identify(.) by extensions ['python_setup_py']
[1.836s] Level 1:colcon.colcon_core.package_identification:_identify(.) by extension 'python_setup_py'
[1.836s] Level 1:colcon.colcon_core.package_identification:_identify(build) by extensions ['ignore', 'ignore_ament_install']
[1.836s] Level 1:colcon.colcon_core.package_identification:_identify(build) by extension 'ignore'
[1.837s] Level 1:colcon.colcon_core.package_identification:_identify(build) ignored
[1.837s] Level 1:colcon.colcon_core.package_identification:_identify(install) by extensions ['ignore', 'ignore_ament_install']
[1.837s] Level 1:colcon.colcon_core.package_identification:_identify(install) by extension 'ignore'
[1.838s] Level 1:colcon.colcon_core.package_identification:_identify(install) ignored
[1.838s] Level 1:colcon.colcon_core.package_identification:_identify(log) by extensions ['ignore', 'ignore_ament_install']
[1.839s] Level 1:colcon.colcon_core.package_identification:_identify(log) by extension 'ignore'
[1.839s] Level 1:colcon.colcon_core.package_identification:_identify(log) ignored
[1.839s] Level 1:colcon.colcon_core.package_identification:_identify(src) by extensions ['ignore', 'ignore_ament_install']
[1.839s] Level 1:colcon.colcon_core.package_identification:_identify(src) by extension 'ignore'
[1.839s] Level 1:colcon.colcon_core.package_identification:_identify(src) by extension 'ignore_ament_install'
[1.840s] Level 1:colcon.colcon_core.package_identification:_identify(src) by extensions ['colcon_pkg']
[1.840s] Level 1:colcon.colcon_core.package_identification:_identify(src) by extension 'colcon_pkg'
[1.840s] Level 1:colcon.colcon_core.package_identification:_identify(src) by extensions ['colcon_meta']
[1.840s] Level 1:colcon.colcon_core.package_identification:_identify(src) by extension 'colcon_meta'
[1.840s] Level 1:colcon.colcon_core.package_identification:_identify(src) by extensions ['ros']
[1.840s] Level 1:colcon.colcon_core.package_identification:_identify(src) by extension 'ros'
[1.841s] Level 1:colcon.colcon_core.package_identification:_identify(src) by extensions ['cmake', 'python']
[1.841s] Level 1:colcon.colcon_core.package_identification:_identify(src) by extension 'cmake'
[1.841s] Level 1:colcon.colcon_core.package_identification:_identify(src) by extension 'python'
[1.841s] Level 1:colcon.colcon_core.package_identification:_identify(src) by extensions ['python_setup_py']
[1.841s] Level 1:colcon.colcon_core.package_identification:_identify(src) by extension 'python_setup_py'
[1.842s] Level 1:colcon.colcon_core.package_identification:_identify(src/motor_controller) by extensions ['ignore', 'ignore_ament_install']
[1.842s] Level 1:colcon.colcon_core.package_identification:_identify(src/motor_controller) by extension 'ignore'
[1.842s] Level 1:colcon.colcon_core.package_identification:_identify(src/motor_controller) by extension 'ignore_ament_install'
[1.843s] Level 1:colcon.colcon_core.package_identification:_identify(src/motor_controller) by extensions ['colcon_pkg']
[1.843s] Level 1:colcon.colcon_core.package_identification:_identify(src/motor_controller) by extension 'colcon_pkg'
[1.843s] Level 1:colcon.colcon_core.package_identification:_identify(src/motor_controller) by extensions ['colcon_meta']
[1.843s] Level 1:colcon.colcon_core.package_identification:_identify(src/motor_controller) by extension 'colcon_meta'
[1.843s] Level 1:colcon.colcon_core.package_identification:_identify(src/motor_controller) by extensions ['ros']
[1.843s] Level 1:colcon.colcon_core.package_identification:_identify(src/motor_controller) by extension 'ros'
[1.855s] DEBUG:colcon.colcon_core.package_identification:Package 'src/motor_controller' with type 'ros.ament_python' and name 'motor_controller'
[1.855s] Level 1:colcon.colcon_core.package_discovery:discover_packages(recursive) using defaults
[1.856s] Level 1:colcon.colcon_core.package_discovery:discover_packages(ignore) discover
[1.856s] Level 1:colcon.colcon_core.package_discovery:discover_packages(ignore) using defaults
[1.856s] Level 1:colcon.colcon_core.package_discovery:discover_packages(path) discover
[1.856s] Level 1:colcon.colcon_core.package_discovery:discover_packages(path) using defaults
[1.985s] Level 1:colcon.colcon_core.package_discovery:discover_packages(prefix_path) check parameters
[1.986s] Level 1:colcon.colcon_core.package_discovery:discover_packages(prefix_path) discover
[2.005s] DEBUG:colcon.colcon_installed_package_information.package_discovery:Found 271 installed packages in /opt/ros/humble
[2.016s] Level 1:colcon.colcon_core.package_discovery:discover_packages(prefix_path) using defaults
[2.222s] Level 5:colcon.colcon_core.verb:set package 'motor_controller' build argument 'cmake_args' from command line to 'None'
[2.223s] Level 5:colcon.colcon_core.verb:set package 'motor_controller' build argument 'cmake_target' from command line to 'None'
[2.223s] Level 5:colcon.colcon_core.verb:set package 'motor_controller' build argument 'cmake_target_skip_unavailable' from command line to 'False'
[2.223s] Level 5:colcon.colcon_core.verb:set package 'motor_controller' build argument 'cmake_clean_cache' from command line to 'False'
[2.223s] Level 5:colcon.colcon_core.verb:set package 'motor_controller' build argument 'cmake_clean_first' from command line to 'False'
[2.223s] Level 5:colcon.colcon_core.verb:set package 'motor_controller' build argument 'cmake_force_configure' from command line to 'False'
[2.223s] Level 5:colcon.colcon_core.verb:set package 'motor_controller' build argument 'ament_cmake_args' from command line to 'None'
[2.223s] Level 5:colcon.colcon_core.verb:set package 'motor_controller' build argument 'catkin_cmake_args' from command line to 'None'
[2.223s] Level 5:colcon.colcon_core.verb:set package 'motor_controller' build argument 'catkin_skip_building_tests' from command line to 'False'
[2.224s] DEBUG:colcon.colcon_core.verb:Building package 'motor_controller' with the following arguments: {'ament_cmake_args': None, 'build_base': '/home/nam/robot_ws/build/motor_controller', 'catkin_cmake_args': None, 'catkin_skip_building_tests': False, 'cmake_args': None, 'cmake_clean_cache': False, 'cmake_clean_first': False, 'cmake_force_configure': False, 'cmake_target': None, 'cmake_target_skip_unavailable': False, 'install_base': '/home/nam/robot_ws/install/motor_controller', 'merge_install': False, 'path': '/home/nam/robot_ws/src/motor_controller', 'symlink_install': False, 'test_result_base': None}
[2.224s] INFO:colcon.colcon_core.executor:Executing jobs using 'parallel' executor
[2.227s] DEBUG:colcon.colcon_parallel_executor.executor.parallel:run_until_complete
[2.228s] INFO:colcon.colcon_ros.task.ament_python.build:Building ROS package in '/home/nam/robot_ws/src/motor_controller' with build type 'ament_python'
[2.228s] Level 1:colcon.colcon_core.shell:create_environment_hook('motor_controller', 'ament_prefix_path')
[2.245s] INFO:colcon.colcon_core.plugin_system:Skipping extension 'colcon_core.shell.bat': Not used on non-Windows systems
[2.246s] INFO:colcon.colcon_core.shell:Creating environment hook '/home/nam/robot_ws/install/motor_controller/share/motor_controller/hook/ament_prefix_path.ps1'
[2.252s] INFO:colcon.colcon_core.shell:Creating environment descriptor '/home/nam/robot_ws/install/motor_controller/share/motor_controller/hook/ament_prefix_path.dsv'
[2.255s] INFO:colcon.colcon_core.shell:Creating environment hook '/home/nam/robot_ws/install/motor_controller/share/motor_controller/hook/ament_prefix_path.sh'
[2.259s] INFO:colcon.colcon_core.shell:Skip shell extension 'powershell' for command environment: Not usable outside of PowerShell
[2.260s] DEBUG:colcon.colcon_core.shell:Skip shell extension 'dsv' for command environment
[3.381s] INFO:colcon.colcon_core.task.python.build:Building Python package in '/home/nam/robot_ws/src/motor_controller'
[3.382s] INFO:colcon.colcon_core.shell:Skip shell extension 'powershell' for command environment: Not usable outside of PowerShell
[3.383s] DEBUG:colcon.colcon_core.shell:Skip shell extension 'dsv' for command environment
[4.922s] DEBUG:colcon.colcon_core.event_handler.log_command:Invoking command in '/home/nam/robot_ws/src/motor_controller': PYTHONPATH=/home/nam/robot_ws/build/motor_controller/prefix_override:/usr/lib/python3/dist-packages/colcon_core/task/python/colcon_distutils_commands:/home/nam/robot_ws/install/motor_controller/lib/python3.10/site-packages:${PYTHONPATH} /usr/bin/python3 -W ignore:setup.py install is deprecated -W ignore:easy_install command is deprecated setup.py egg_info --egg-base ../../build/motor_controller build --build-base /home/nam/robot_ws/build/motor_controller/build install --record /home/nam/robot_ws/build/motor_controller/install.log --single-version-externally-managed install_data
[6.203s] DEBUG:colcon.colcon_core.event_handler.log_command:Invoked command in '/home/nam/robot_ws/src/motor_controller' returned '0': PYTHONPATH=/home/nam/robot_ws/build/motor_controller/prefix_override:/usr/lib/python3/dist-packages/colcon_core/task/python/colcon_distutils_commands:/home/nam/robot_ws/install/motor_controller/lib/python3.10/site-packages:${PYTHONPATH} /usr/bin/python3 -W ignore:setup.py install is deprecated -W ignore:easy_install command is deprecated setup.py egg_info --egg-base ../../build/motor_controller build --build-base /home/nam/robot_ws/build/motor_controller/build install --record /home/nam/robot_ws/build/motor_controller/install.log --single-version-externally-managed install_data
[6.224s] Level 1:colcon.colcon_core.environment:checking '/home/nam/robot_ws/install/motor_controller' for CMake module files
[6.226s] Level 1:colcon.colcon_core.environment:checking '/home/nam/robot_ws/install/motor_controller' for CMake config files
[6.232s] Level 1:colcon.colcon_core.environment:checking '/home/nam/robot_ws/install/motor_controller/lib'
[6.233s] Level 1:colcon.colcon_core.environment:checking '/home/nam/robot_ws/install/motor_controller/bin'
[6.233s] Level 1:colcon.colcon_core.environment:checking '/home/nam/robot_ws/install/motor_controller/lib/pkgconfig/motor_controller.pc'
[6.234s] Level 1:colcon.colcon_core.environment:checking '/home/nam/robot_ws/install/motor_controller/lib/python3.10/site-packages'
[6.235s] Level 1:colcon.colcon_core.shell:create_environment_hook('motor_controller', 'pythonpath')
[6.236s] INFO:colcon.colcon_core.shell:Creating environment hook '/home/nam/robot_ws/install/motor_controller/share/motor_controller/hook/pythonpath.ps1'
[6.238s] INFO:colcon.colcon_core.shell:Creating environment descriptor '/home/nam/robot_ws/install/motor_controller/share/motor_controller/hook/pythonpath.dsv'
[6.240s] INFO:colcon.colcon_core.shell:Creating environment hook '/home/nam/robot_ws/install/motor_controller/share/motor_controller/hook/pythonpath.sh'
[6.243s] Level 1:colcon.colcon_core.environment:checking '/home/nam/robot_ws/install/motor_controller/bin'
[6.243s] Level 1:colcon.colcon_core.environment:create_environment_scripts_only(motor_controller)
[6.244s] INFO:colcon.colcon_core.shell:Creating package script '/home/nam/robot_ws/install/motor_controller/share/motor_controller/package.ps1'
[6.248s] INFO:colcon.colcon_core.shell:Creating package descriptor '/home/nam/robot_ws/install/motor_controller/share/motor_controller/package.dsv'
[6.253s] INFO:colcon.colcon_core.shell:Creating package script '/home/nam/robot_ws/install/motor_controller/share/motor_controller/package.sh'
[6.257s] INFO:colcon.colcon_core.shell:Creating package script '/home/nam/robot_ws/install/motor_controller/share/motor_controller/package.bash'
[6.261s] INFO:colcon.colcon_core.shell:Creating package script '/home/nam/robot_ws/install/motor_controller/share/motor_controller/package.zsh'
[6.266s] Level 1:colcon.colcon_core.environment:create_file_with_runtime_dependencies(/home/nam/robot_ws/install/motor_controller/share/colcon-core/packages/motor_controller)
[6.268s] DEBUG:colcon.colcon_parallel_executor.executor.parallel:closing loop
[6.269s] DEBUG:colcon.colcon_parallel_executor.executor.parallel:loop closed
[6.269s] DEBUG:colcon.colcon_parallel_executor.executor.parallel:run_until_complete finished with '0'
[6.270s] DEBUG:colcon.colcon_core.event_reactor:joining thread
[6.293s] INFO:colcon.colcon_core.plugin_system:Skipping extension 'colcon_notification.desktop_notification.terminal_notifier': Not used on non-Darwin systems
[6.294s] INFO:colcon.colcon_core.plugin_system:Skipping extension 'colcon_notification.desktop_notification.win32': Not used on non-Windows systems
[6.294s] INFO:colcon.colcon_notification.desktop_notification:Sending desktop notification using 'notify2'
[6.299s] DEBUG:colcon.colcon_notification.desktop_notification.notify2:Failed to initialize notify2: org.freedesktop.DBus.Error.ServiceUnknown: The name org.freedesktop.Notifications was not provided by any .service files
[6.300s] DEBUG:colcon.colcon_core.event_reactor:joined thread
[6.301s] INFO:colcon.colcon_core.shell:Creating prefix script '/home/nam/robot_ws/install/local_setup.ps1'
[6.306s] INFO:colcon.colcon_core.shell:Creating prefix util module '/home/nam/robot_ws/install/_local_setup_util_ps1.py'
[6.313s] INFO:colcon.colcon_core.shell:Creating prefix chain script '/home/nam/robot_ws/install/setup.ps1'
[6.319s] INFO:colcon.colcon_core.shell:Creating prefix script '/home/nam/robot_ws/install/local_setup.sh'
[6.323s] INFO:colcon.colcon_core.shell:Creating prefix util module '/home/nam/robot_ws/install/_local_setup_util_sh.py'
[6.326s] INFO:colcon.colcon_core.shell:Creating prefix chain script '/home/nam/robot_ws/install/setup.sh'
[6.331s] INFO:colcon.colcon_core.shell:Creating prefix script '/home/nam/robot_ws/install/local_setup.bash'
[6.334s] INFO:colcon.colcon_core.shell:Creating prefix chain script '/home/nam/robot_ws/install/setup.bash'
[6.339s] INFO:colcon.colcon_core.shell:Creating prefix script '/home/nam/robot_ws/install/local_setup.zsh'
[6.342s] INFO:colcon.colcon_core.shell:Creating prefix chain script '/home/nam/robot_ws/install/setup.zsh'
